#
# There is insufficient memory for the Java Runtime Environment to continue.
# Native memory allocation (malloc) failed to allocate 1983216 bytes for Chunk::new
# Possible reasons:
#   The system is out of physical RAM or swap space
#   The process is running with CompressedOops enabled, and the Java Heap may be blocking the growth of the native heap
# Possible solutions:
#   Reduce memory load on the system
#   Increase physical memory or swap space
#   Check if swap backing store is full
#   Decrease Java heap size (-Xmx/-Xms)
#   Decrease number of Java threads
#   Decrease Java thread stack sizes (-Xss)
#   Set larger code cache with -XX:ReservedCodeCacheSize=
#   JVM is running with Unscaled Compressed Oops mode in which the Java heap is
#     placed in the first 4GB address space. The Java Heap base address is the
#     maximum limit for the native heap growth. Please use -XX:HeapBaseMinAddress
#     to set the Java Heap base and to place the Java Heap above 4GB virtual address.
# This output file may be truncated or incomplete.
#
#  Out of Memory Error (./src/hotspot/share/memory/arena.cpp:197), pid=20660, tid=18672
#
# JRE version: OpenJDK Runtime Environment Corretto-11.0.14.10.1 (11.0.14.1+10) (build 11.0.14.1+10-LTS)
# Java VM: OpenJDK 64-Bit Server VM Corretto-11.0.14.10.1 (11.0.14.1+10-LTS, mixed mode, tiered, compressed oops, g1 gc, windows-amd64)
# No core dump will be written. Minidumps are not enabled by default on client versions of Windows
#

---------------  S U M M A R Y ------------

Command Line: -javaagent:C:\Program Files\IntelliJ IDEA Community Edition 2021.3.3\lib\idea_rt.jar=56658:C:\Program Files\IntelliJ IDEA Community Edition 2021.3.3\bin -Dfile.encoding=UTF-8 br.com.ifter.IfterApplication

Host: Intel(R) Core(TM) i5-7200U CPU @ 2.50GHz, 4 cores, 7G,  Windows 10 , 64 bit Build 19041 (10.0.19041.1645)
Time: Wed Apr 20 21:07:06 2022 Hora oficial do Brasil elapsed time: 1495.588815 seconds (0d 0h 24m 55s)

---------------  T H R E A D  ---------------

Current thread (0x000001d458699000):  JavaThread "C2 CompilerThread0" daemon [_thread_in_native, id=18672, stack(0x0000004b59000000,0x0000004b59100000)]


Current CompileTask:
C2:1495589 14628   !   4       jdk.internal.reflect.GeneratedMethodAccessor77::invoke (67 bytes)

Stack: [0x0000004b59000000,0x0000004b59100000]
Native frames: (J=compiled Java code, j=interpreted, Vv=VM code, C=native code)
V  [jvm.dll+0x61e62a]
V  [jvm.dll+0x7ab569]
V  [jvm.dll+0x7acc58]
V  [jvm.dll+0x7ad333]
V  [jvm.dll+0x24f7f8]
V  [jvm.dll+0xc260c]
V  [jvm.dll+0xc2bcc]
V  [jvm.dll+0x359a52]
V  [jvm.dll+0x325a13]
V  [jvm.dll+0x324d4a]
V  [jvm.dll+0x208c35]
V  [jvm.dll+0x207e1d]
V  [jvm.dll+0x18a2d1]
V  [jvm.dll+0x217574]
V  [jvm.dll+0x2157bb]
V  [jvm.dll+0x76e0c0]
V  [jvm.dll+0x767024]
V  [jvm.dll+0x61d486]
C  [ucrtbase.dll+0x21bb2]
C  [KERNEL32.DLL+0x17034]
C  [ntdll.dll+0x52651]


---------------  P R O C E S S  ---------------

Threads class SMR info:
_java_thread_list=0x000001d45a2d2f90, length=28, elements={
0x000001d458689800, 0x000001d45867e800, 0x000001d459022800, 0x000001d458690000,
0x000001d458696000, 0x000001d458699000, 0x000001d45906b800, 0x000001d45906e800,
0x000001d459177800, 0x000001d4594a2800, 0x000001d45f6ad000, 0x000001d45d493800,
0x000001d45f12b800, 0x000001d45f419000, 0x000001d45c9b6800, 0x000001d461098800,
0x000001d45a375800, 0x000001d45c81c800, 0x000001d45d27e000, 0x000001d45d27e800,
0x000001d45d282000, 0x000001d45d27d000, 0x000001d45d280800, 0x000001d45d27f800,
0x000001d45d281000, 0x000001d45d27c800, 0x000001d45d283000, 0x000001d461bb4000
}

Java Threads: ( => current thread )
  0x000001d458689800 JavaThread "Reference Handler" daemon [_thread_blocked, id=23088, stack(0x0000004b58b00000,0x0000004b58c00000)]
  0x000001d45867e800 JavaThread "Finalizer" daemon [_thread_blocked, id=25492, stack(0x0000004b58c00000,0x0000004b58d00000)]
  0x000001d459022800 JavaThread "Signal Dispatcher" daemon [_thread_blocked, id=14868, stack(0x0000004b58d00000,0x0000004b58e00000)]
  0x000001d458690000 JavaThread "Attach Listener" daemon [_thread_blocked, id=10052, stack(0x0000004b58e00000,0x0000004b58f00000)]
  0x000001d458696000 JavaThread "Service Thread" daemon [_thread_blocked, id=18620, stack(0x0000004b58f00000,0x0000004b59000000)]
=>0x000001d458699000 JavaThread "C2 CompilerThread0" daemon [_thread_in_native, id=18672, stack(0x0000004b59000000,0x0000004b59100000)]
  0x000001d45906b800 JavaThread "C1 CompilerThread0" daemon [_thread_blocked, id=17912, stack(0x0000004b59100000,0x0000004b59200000)]
  0x000001d45906e800 JavaThread "Sweeper thread" daemon [_thread_blocked, id=14120, stack(0x0000004b59200000,0x0000004b59300000)]
  0x000001d459177800 JavaThread "Common-Cleaner" daemon [_thread_blocked, id=5508, stack(0x0000004b59300000,0x0000004b59400000)]
  0x000001d4594a2800 JavaThread "Monitor Ctrl-Break" daemon [_thread_in_native, id=26008, stack(0x0000004b59500000,0x0000004b59600000)]
  0x000001d45f6ad000 JavaThread "HikariPool-1 housekeeper" daemon [_thread_blocked, id=10108, stack(0x0000004b59b00000,0x0000004b59c00000)]
  0x000001d45d493800 JavaThread "Catalina-utility-1" [_thread_blocked, id=26172, stack(0x0000004b59d00000,0x0000004b59e00000)]
  0x000001d45f12b800 JavaThread "Catalina-utility-2" [_thread_blocked, id=22672, stack(0x0000004b59e00000,0x0000004b59f00000)]
  0x000001d45f419000 JavaThread "container-0" [_thread_blocked, id=10468, stack(0x0000004b59f00000,0x0000004b5a000000)]
  0x000001d45c9b6800 JavaThread "http-nio-8080-exec-1" daemon [_thread_blocked, id=26292, stack(0x0000004b5a000000,0x0000004b5a100000)]
  0x000001d461098800 JavaThread "http-nio-8080-exec-2" daemon [_thread_blocked, id=3484, stack(0x0000004b5a100000,0x0000004b5a200000)]
  0x000001d45a375800 JavaThread "http-nio-8080-exec-3" daemon [_thread_blocked, id=18264, stack(0x0000004b5a200000,0x0000004b5a300000)]
  0x000001d45c81c800 JavaThread "http-nio-8080-exec-4" daemon [_thread_blocked, id=22776, stack(0x0000004b5a300000,0x0000004b5a400000)]
  0x000001d45d27e000 JavaThread "http-nio-8080-exec-5" daemon [_thread_blocked, id=6880, stack(0x0000004b5a400000,0x0000004b5a500000)]
  0x000001d45d27e800 JavaThread "http-nio-8080-exec-6" daemon [_thread_blocked, id=25048, stack(0x0000004b5a500000,0x0000004b5a600000)]
  0x000001d45d282000 JavaThread "http-nio-8080-exec-7" daemon [_thread_blocked, id=21560, stack(0x0000004b5a600000,0x0000004b5a700000)]
  0x000001d45d27d000 JavaThread "http-nio-8080-exec-8" daemon [_thread_blocked, id=26116, stack(0x0000004b5a700000,0x0000004b5a800000)]
  0x000001d45d280800 JavaThread "http-nio-8080-exec-9" daemon [_thread_blocked, id=20084, stack(0x0000004b5a800000,0x0000004b5a900000)]
  0x000001d45d27f800 JavaThread "http-nio-8080-exec-10" daemon [_thread_blocked, id=20228, stack(0x0000004b5a900000,0x0000004b5aa00000)]
  0x000001d45d281000 JavaThread "http-nio-8080-Poller" daemon [_thread_in_native, id=15752, stack(0x0000004b5aa00000,0x0000004b5ab00000)]
  0x000001d45d27c800 JavaThread "http-nio-8080-Acceptor" daemon [_thread_in_native, id=7024, stack(0x0000004b5ab00000,0x0000004b5ac00000)]
  0x000001d45d283000 JavaThread "pool-1-thread-1" [_thread_blocked, id=20840, stack(0x0000004b5ac00000,0x0000004b5ad00000)]
  0x000001d461bb4000 JavaThread "DestroyJavaVM" [_thread_blocked, id=8516, stack(0x0000004b58400000,0x0000004b58500000)]

Other Threads:
  0x000001d458651000 VMThread "VM Thread" [stack: 0x0000004b58a00000,0x0000004b58b00000] [id=25580]
  0x000001d4594a3800 WatcherThread [stack: 0x0000004b59600000,0x0000004b59700000] [id=3708]
  0x000001d437fd4800 GCTaskThread "GC Thread#0" [stack: 0x0000004b58500000,0x0000004b58600000] [id=19512]
  0x000001d4599e4000 GCTaskThread "GC Thread#1" [stack: 0x0000004b59700000,0x0000004b59800000] [id=13728]
  0x000001d459b5f000 GCTaskThread "GC Thread#2" [stack: 0x0000004b59800000,0x0000004b59900000] [id=8236]
  0x000001d45a02f800 GCTaskThread "GC Thread#3" [stack: 0x0000004b59900000,0x0000004b59a00000] [id=25528]
  0x000001d438004800 ConcurrentGCThread "G1 Main Marker" [stack: 0x0000004b58600000,0x0000004b58700000] [id=22980]
  0x000001d438007800 ConcurrentGCThread "G1 Conc#0" [stack: 0x0000004b58700000,0x0000004b58800000] [id=26032]
  0x000001d4584c0800 ConcurrentGCThread "G1 Refine#0" [stack: 0x0000004b58800000,0x0000004b58900000] [id=16580]
  0x000001d45c3a0000 ConcurrentGCThread "G1 Refine#1" [stack: 0x0000004b58100000,0x0000004b58200000] [id=12676]
  0x000001d438087000 ConcurrentGCThread "G1 Young RemSet Sampling" [stack: 0x0000004b58900000,0x0000004b58a00000] [id=20952]

Threads with active compile tasks:
C2 CompilerThread01495665 14628   !   4       jdk.internal.reflect.GeneratedMethodAccessor77::invoke (67 bytes)

VM state:not at safepoint (normal execution)

VM Mutex/Monitor currently owned by a thread: None

Heap address: 0x0000000081e00000, size: 2018 MB, Compressed Oops mode: 32-bit
Narrow klass base: 0x0000000000000000, Narrow klass shift: 3
Compressed class space size: 1073741824 Address: 0x0000000100000000

Heap:
 garbage-first heap   total 196608K, used 117353K [0x0000000081e00000, 0x0000000100000000)
  region size 1024K, 81 young (82944K), 1 survivors (1024K)
 Metaspace       used 85446K, capacity 87815K, committed 88064K, reserved 1126400K
  class space    used 10433K, capacity 11405K, committed 11520K, reserved 1048576K
Heap Regions: E=young(eden), S=young(survivor), O=old, HS=humongous(starts), HC=humongous(continues), CS=collection set, F=free, A=archive, TAMS=top-at-mark-start (previous, next)
|   0|0x0000000081e00000, 0x0000000081f00000, 0x0000000081f00000|100%|HS|  |TAMS 0x0000000081f00000, 0x0000000081e00000| Complete 
|   1|0x0000000081f00000, 0x0000000082000000, 0x0000000082000000|100%| O|  |TAMS 0x0000000082000000, 0x0000000081f00000| Untracked 
|   2|0x0000000082000000, 0x0000000082100000, 0x0000000082100000|100%| O|  |TAMS 0x0000000082100000, 0x0000000082000000| Untracked 
|   3|0x0000000082100000, 0x0000000082200000, 0x0000000082200000|100%| O|  |TAMS 0x0000000082200000, 0x0000000082100000| Untracked 
|   4|0x0000000082200000, 0x0000000082300000, 0x0000000082300000|100%| O|  |TAMS 0x0000000082300000, 0x0000000082200000| Untracked 
|   5|0x0000000082300000, 0x0000000082400000, 0x0000000082400000|100%| O|  |TAMS 0x0000000082400000, 0x0000000082300000| Untracked 
|   6|0x0000000082400000, 0x0000000082500000, 0x0000000082500000|100%| O|  |TAMS 0x0000000082500000, 0x0000000082400000| Untracked 
|   7|0x0000000082500000, 0x0000000082600000, 0x0000000082600000|100%| O|  |TAMS 0x0000000082600000, 0x0000000082500000| Untracked 
|   8|0x0000000082600000, 0x0000000082700000, 0x0000000082700000|100%| O|  |TAMS 0x0000000082700000, 0x0000000082600000| Untracked 
|   9|0x0000000082700000, 0x0000000082800000, 0x0000000082800000|100%| O|  |TAMS 0x0000000082800000, 0x0000000082700000| Untracked 
|  10|0x0000000082800000, 0x0000000082900000, 0x0000000082900000|100%| O|  |TAMS 0x0000000082900000, 0x0000000082800000| Untracked 
|  11|0x0000000082900000, 0x0000000082a00000, 0x0000000082a00000|100%| O|  |TAMS 0x0000000082a00000, 0x0000000082900000| Untracked 
|  12|0x0000000082a00000, 0x0000000082b00000, 0x0000000082b00000|100%| O|  |TAMS 0x0000000082b00000, 0x0000000082a00000| Untracked 
|  13|0x0000000082b00000, 0x0000000082c00000, 0x0000000082c00000|100%| O|  |TAMS 0x0000000082c00000, 0x0000000082b00000| Untracked 
|  14|0x0000000082c00000, 0x0000000082d00000, 0x0000000082d00000|100%| O|  |TAMS 0x0000000082c79400, 0x0000000082c00000| Untracked 
|  15|0x0000000082d00000, 0x0000000082e00000, 0x0000000082e00000|100%| O|  |TAMS 0x0000000082d00000, 0x0000000082d00000| Untracked 
|  16|0x0000000082e00000, 0x0000000082f00000, 0x0000000082f00000|100%| O|  |TAMS 0x0000000082e00000, 0x0000000082e00000| Untracked 
|  17|0x0000000082f00000, 0x0000000083000000, 0x0000000083000000|100%| O|  |TAMS 0x0000000082f00000, 0x0000000082f00000| Untracked 
|  18|0x0000000083000000, 0x0000000083100000, 0x0000000083100000|100%| O|  |TAMS 0x0000000083000000, 0x0000000083000000| Untracked 
|  19|0x0000000083100000, 0x0000000083200000, 0x0000000083200000|100%| O|  |TAMS 0x0000000083100000, 0x0000000083100000| Untracked 
|  20|0x0000000083200000, 0x0000000083300000, 0x0000000083300000|100%| O|  |TAMS 0x0000000083200000, 0x0000000083200000| Untracked 
|  21|0x0000000083300000, 0x0000000083400000, 0x0000000083400000|100%| O|  |TAMS 0x0000000083300000, 0x0000000083300000| Untracked 
|  22|0x0000000083400000, 0x0000000083500000, 0x0000000083500000|100%| O|  |TAMS 0x0000000083400000, 0x0000000083400000| Untracked 
|  23|0x0000000083500000, 0x0000000083600000, 0x0000000083600000|100%| O|  |TAMS 0x0000000083500000, 0x0000000083500000| Untracked 
|  24|0x0000000083600000, 0x0000000083700000, 0x0000000083700000|100%| O|  |TAMS 0x0000000083600000, 0x0000000083600000| Untracked 
|  25|0x0000000083700000, 0x0000000083800000, 0x0000000083800000|100%| O|  |TAMS 0x0000000083700000, 0x0000000083700000| Untracked 
|  26|0x0000000083800000, 0x0000000083900000, 0x0000000083900000|100%| O|  |TAMS 0x0000000083800000, 0x0000000083800000| Untracked 
|  27|0x0000000083900000, 0x0000000083a00000, 0x0000000083a00000|100%| O|  |TAMS 0x0000000083900000, 0x0000000083900000| Untracked 
|  28|0x0000000083a00000, 0x0000000083b00000, 0x0000000083b00000|100%| O|  |TAMS 0x0000000083a00000, 0x0000000083a00000| Untracked 
|  29|0x0000000083b00000, 0x0000000083c00000, 0x0000000083c00000|100%| O|  |TAMS 0x0000000083b00000, 0x0000000083b00000| Untracked 
|  30|0x0000000083c00000, 0x0000000083d00000, 0x0000000083d00000|100%| O|  |TAMS 0x0000000083c00000, 0x0000000083c00000| Untracked 
|  31|0x0000000083d00000, 0x0000000083e00000, 0x0000000083e00000|100%| O|  |TAMS 0x0000000083d00000, 0x0000000083d00000| Untracked 
|  32|0x0000000083e00000, 0x0000000083f00000, 0x0000000083f00000|100%| O|  |TAMS 0x0000000083e00000, 0x0000000083e00000| Untracked 
|  33|0x0000000083f00000, 0x0000000084000000, 0x0000000084000000|100%| O|  |TAMS 0x0000000083f00000, 0x0000000083f00000| Untracked 
|  34|0x0000000084000000, 0x0000000084100000, 0x0000000084100000|100%| O|  |TAMS 0x0000000084000000, 0x0000000084000000| Untracked 
|  35|0x0000000084100000, 0x0000000084181400, 0x0000000084200000| 50%| O|  |TAMS 0x0000000084100000, 0x0000000084100000| Untracked 
|  36|0x0000000084200000, 0x0000000084200000, 0x0000000084300000|  0%| F|  |TAMS 0x0000000084200000, 0x0000000084200000| Untracked 
|  37|0x0000000084300000, 0x0000000084300000, 0x0000000084400000|  0%| F|  |TAMS 0x0000000084300000, 0x0000000084300000| Untracked 
|  38|0x0000000084400000, 0x0000000084400000, 0x0000000084500000|  0%| F|  |TAMS 0x0000000084400000, 0x0000000084400000| Untracked 
|  39|0x0000000084500000, 0x0000000084500000, 0x0000000084600000|  0%| F|  |TAMS 0x0000000084500000, 0x0000000084500000| Untracked 
|  40|0x0000000084600000, 0x0000000084600000, 0x0000000084700000|  0%| F|  |TAMS 0x0000000084600000, 0x0000000084600000| Untracked 
|  41|0x0000000084700000, 0x0000000084700000, 0x0000000084800000|  0%| F|  |TAMS 0x0000000084700000, 0x0000000084700000| Untracked 
|  42|0x0000000084800000, 0x0000000084800000, 0x0000000084900000|  0%| F|  |TAMS 0x0000000084800000, 0x0000000084800000| Untracked 
|  43|0x0000000084900000, 0x0000000084900000, 0x0000000084a00000|  0%| F|  |TAMS 0x0000000084900000, 0x0000000084900000| Untracked 
|  44|0x0000000084a00000, 0x0000000084a00000, 0x0000000084b00000|  0%| F|  |TAMS 0x0000000084a00000, 0x0000000084a00000| Untracked 
|  45|0x0000000084b00000, 0x0000000084b00000, 0x0000000084c00000|  0%| F|  |TAMS 0x0000000084b00000, 0x0000000084b00000| Untracked 
|  46|0x0000000084c00000, 0x0000000084c00000, 0x0000000084d00000|  0%| F|  |TAMS 0x0000000084c00000, 0x0000000084c00000| Untracked 
|  47|0x0000000084d00000, 0x0000000084d00000, 0x0000000084e00000|  0%| F|  |TAMS 0x0000000084d00000, 0x0000000084d00000| Untracked 
|  48|0x0000000084e00000, 0x0000000084e00000, 0x0000000084f00000|  0%| F|  |TAMS 0x0000000084e00000, 0x0000000084e00000| Untracked 
|  49|0x0000000084f00000, 0x0000000084f00000, 0x0000000085000000|  0%| F|  |TAMS 0x0000000084f00000, 0x0000000084f00000| Untracked 
|  50|0x0000000085000000, 0x0000000085000000, 0x0000000085100000|  0%| F|  |TAMS 0x0000000085000000, 0x0000000085000000| Untracked 
|  51|0x0000000085100000, 0x0000000085100000, 0x0000000085200000|  0%| F|  |TAMS 0x0000000085100000, 0x0000000085100000| Untracked 
|  52|0x0000000085200000, 0x0000000085200000, 0x0000000085300000|  0%| F|  |TAMS 0x0000000085200000, 0x0000000085200000| Untracked 
|  53|0x0000000085300000, 0x0000000085300000, 0x0000000085400000|  0%| F|  |TAMS 0x0000000085300000, 0x0000000085300000| Untracked 
|  54|0x0000000085400000, 0x0000000085400000, 0x0000000085500000|  0%| F|  |TAMS 0x0000000085400000, 0x0000000085400000| Untracked 
|  55|0x0000000085500000, 0x0000000085500000, 0x0000000085600000|  0%| F|  |TAMS 0x0000000085500000, 0x0000000085500000| Untracked 
|  56|0x0000000085600000, 0x0000000085600000, 0x0000000085700000|  0%| F|  |TAMS 0x0000000085600000, 0x0000000085600000| Untracked 
|  57|0x0000000085700000, 0x0000000085700000, 0x0000000085800000|  0%| F|  |TAMS 0x0000000085700000, 0x0000000085700000| Untracked 
|  58|0x0000000085800000, 0x0000000085800000, 0x0000000085900000|  0%| F|  |TAMS 0x0000000085800000, 0x0000000085800000| Untracked 
|  59|0x0000000085900000, 0x0000000085900000, 0x0000000085a00000|  0%| F|  |TAMS 0x0000000085900000, 0x0000000085900000| Untracked 
|  60|0x0000000085a00000, 0x0000000085a00000, 0x0000000085b00000|  0%| F|  |TAMS 0x0000000085a00000, 0x0000000085a00000| Untracked 
|  61|0x0000000085b00000, 0x0000000085b00000, 0x0000000085c00000|  0%| F|  |TAMS 0x0000000085b00000, 0x0000000085b00000| Untracked 
|  62|0x0000000085c00000, 0x0000000085c00000, 0x0000000085d00000|  0%| F|  |TAMS 0x0000000085c00000, 0x0000000085c00000| Untracked 
|  63|0x0000000085d00000, 0x0000000085d00000, 0x0000000085e00000|  0%| F|  |TAMS 0x0000000085d00000, 0x0000000085d00000| Untracked 
|  64|0x0000000085e00000, 0x0000000085e00000, 0x0000000085f00000|  0%| F|  |TAMS 0x0000000085e00000, 0x0000000085e00000| Untracked 
|  65|0x0000000085f00000, 0x0000000085f00000, 0x0000000086000000|  0%| F|  |TAMS 0x0000000085f00000, 0x0000000085f00000| Untracked 
|  66|0x0000000086000000, 0x0000000086000000, 0x0000000086100000|  0%| F|  |TAMS 0x0000000086000000, 0x0000000086000000| Untracked 
|  67|0x0000000086100000, 0x0000000086100000, 0x0000000086200000|  0%| F|  |TAMS 0x0000000086100000, 0x0000000086100000| Untracked 
|  68|0x0000000086200000, 0x0000000086200000, 0x0000000086300000|  0%| F|  |TAMS 0x0000000086200000, 0x0000000086200000| Untracked 
|  69|0x0000000086300000, 0x0000000086300000, 0x0000000086400000|  0%| F|  |TAMS 0x0000000086300000, 0x0000000086300000| Untracked 
|  70|0x0000000086400000, 0x0000000086400000, 0x0000000086500000|  0%| F|  |TAMS 0x0000000086400000, 0x0000000086400000| Untracked 
|  71|0x0000000086500000, 0x0000000086500000, 0x0000000086600000|  0%| F|  |TAMS 0x0000000086500000, 0x0000000086500000| Untracked 
|  72|0x0000000086600000, 0x0000000086600000, 0x0000000086700000|  0%| F|  |TAMS 0x0000000086600000, 0x0000000086600000| Untracked 
|  73|0x0000000086700000, 0x0000000086700000, 0x0000000086800000|  0%| F|  |TAMS 0x0000000086700000, 0x0000000086700000| Untracked 
|  74|0x0000000086800000, 0x0000000086800000, 0x0000000086900000|  0%| F|  |TAMS 0x0000000086800000, 0x0000000086800000| Untracked 
|  75|0x0000000086900000, 0x0000000086900000, 0x0000000086a00000|  0%| F|  |TAMS 0x0000000086900000, 0x0000000086900000| Untracked 
|  76|0x0000000086a00000, 0x0000000086a19358, 0x0000000086b00000|  9%| S|CS|TAMS 0x0000000086a00000, 0x0000000086a00000| Complete 
|  77|0x0000000086b00000, 0x0000000086b00000, 0x0000000086c00000|  0%| F|  |TAMS 0x0000000086b00000, 0x0000000086b00000| Untracked 
|  78|0x0000000086c00000, 0x0000000086c00000, 0x0000000086d00000|  0%| F|  |TAMS 0x0000000086c00000, 0x0000000086c00000| Untracked 
|  79|0x0000000086d00000, 0x0000000086d00000, 0x0000000086e00000|  0%| F|  |TAMS 0x0000000086d00000, 0x0000000086d00000| Untracked 
|  80|0x0000000086e00000, 0x0000000086e00000, 0x0000000086f00000|  0%| F|  |TAMS 0x0000000086e00000, 0x0000000086e00000| Untracked 
|  81|0x0000000086f00000, 0x0000000086f00000, 0x0000000087000000|  0%| F|  |TAMS 0x0000000086f00000, 0x0000000086f00000| Untracked 
|  82|0x0000000087000000, 0x0000000087000000, 0x0000000087100000|  0%| F|  |TAMS 0x0000000087000000, 0x0000000087000000| Untracked 
|  83|0x0000000087100000, 0x0000000087100000, 0x0000000087200000|  0%| F|  |TAMS 0x0000000087100000, 0x0000000087100000| Untracked 
|  84|0x0000000087200000, 0x0000000087200000, 0x0000000087300000|  0%| F|  |TAMS 0x0000000087200000, 0x0000000087200000| Untracked 
|  85|0x0000000087300000, 0x0000000087300000, 0x0000000087400000|  0%| F|  |TAMS 0x0000000087300000, 0x0000000087300000| Untracked 
|  86|0x0000000087400000, 0x0000000087400000, 0x0000000087500000|  0%| F|  |TAMS 0x0000000087400000, 0x0000000087400000| Untracked 
|  87|0x0000000087500000, 0x0000000087500000, 0x0000000087600000|  0%| F|  |TAMS 0x0000000087500000, 0x0000000087500000| Untracked 
|  88|0x0000000087600000, 0x0000000087600000, 0x0000000087700000|  0%| F|  |TAMS 0x0000000087600000, 0x0000000087600000| Untracked 
|  89|0x0000000087700000, 0x0000000087700000, 0x0000000087800000|  0%| F|  |TAMS 0x0000000087700000, 0x0000000087700000| Untracked 
|  90|0x0000000087800000, 0x0000000087800000, 0x0000000087900000|  0%| F|  |TAMS 0x0000000087800000, 0x0000000087800000| Untracked 
|  91|0x0000000087900000, 0x0000000087900000, 0x0000000087a00000|  0%| F|  |TAMS 0x0000000087900000, 0x0000000087900000| Untracked 
|  92|0x0000000087a00000, 0x0000000087a00000, 0x0000000087b00000|  0%| F|  |TAMS 0x0000000087a00000, 0x0000000087a00000| Untracked 
|  93|0x0000000087b00000, 0x0000000087b00000, 0x0000000087c00000|  0%| F|  |TAMS 0x0000000087b00000, 0x0000000087b00000| Untracked 
|  94|0x0000000087c00000, 0x0000000087c00000, 0x0000000087d00000|  0%| F|  |TAMS 0x0000000087c00000, 0x0000000087c00000| Untracked 
|  95|0x0000000087d00000, 0x0000000087d00000, 0x0000000087e00000|  0%| F|  |TAMS 0x0000000087d00000, 0x0000000087d00000| Untracked 
|  96|0x0000000087e00000, 0x0000000087e00000, 0x0000000087f00000|  0%| F|  |TAMS 0x0000000087e00000, 0x0000000087e00000| Untracked 
|  97|0x0000000087f00000, 0x0000000087f00000, 0x0000000088000000|  0%| F|  |TAMS 0x0000000087f00000, 0x0000000087f00000| Untracked 
|  98|0x0000000088000000, 0x0000000088000000, 0x0000000088100000|  0%| F|  |TAMS 0x0000000088000000, 0x0000000088000000| Untracked 
|  99|0x0000000088100000, 0x0000000088100000, 0x0000000088200000|  0%| F|  |TAMS 0x0000000088100000, 0x0000000088100000| Untracked 
| 100|0x0000000088200000, 0x0000000088200000, 0x0000000088300000|  0%| F|  |TAMS 0x0000000088200000, 0x0000000088200000| Untracked 
| 101|0x0000000088300000, 0x0000000088300000, 0x0000000088400000|  0%| F|  |TAMS 0x0000000088300000, 0x0000000088300000| Untracked 
| 102|0x0000000088400000, 0x0000000088400000, 0x0000000088500000|  0%| F|  |TAMS 0x0000000088400000, 0x0000000088400000| Untracked 
| 103|0x0000000088500000, 0x0000000088500000, 0x0000000088600000|  0%| F|  |TAMS 0x0000000088500000, 0x0000000088500000| Untracked 
| 104|0x0000000088600000, 0x0000000088600000, 0x0000000088700000|  0%| F|  |TAMS 0x0000000088600000, 0x0000000088600000| Untracked 
| 105|0x0000000088700000, 0x0000000088700000, 0x0000000088800000|  0%| F|  |TAMS 0x0000000088700000, 0x0000000088700000| Untracked 
| 106|0x0000000088800000, 0x0000000088800000, 0x0000000088900000|  0%| F|  |TAMS 0x0000000088800000, 0x0000000088800000| Untracked 
| 107|0x0000000088900000, 0x0000000088900000, 0x0000000088a00000|  0%| F|  |TAMS 0x0000000088900000, 0x0000000088900000| Untracked 
| 108|0x0000000088a00000, 0x0000000088a00000, 0x0000000088b00000|  0%| F|  |TAMS 0x0000000088a00000, 0x0000000088a00000| Untracked 
| 109|0x0000000088b00000, 0x0000000088b00000, 0x0000000088c00000|  0%| F|  |TAMS 0x0000000088b00000, 0x0000000088b00000| Untracked 
| 110|0x0000000088c00000, 0x0000000088c00000, 0x0000000088d00000|  0%| F|  |TAMS 0x0000000088c00000, 0x0000000088c00000| Untracked 
| 111|0x0000000088d00000, 0x0000000088d00000, 0x0000000088e00000|  0%| F|  |TAMS 0x0000000088d00000, 0x0000000088d00000| Untracked 
| 112|0x0000000088e00000, 0x0000000088eeae50, 0x0000000088f00000| 91%| E|  |TAMS 0x0000000088e00000, 0x0000000088e00000| Complete 
| 113|0x0000000088f00000, 0x0000000089000000, 0x0000000089000000|100%| E|CS|TAMS 0x0000000088f00000, 0x0000000088f00000| Complete 
| 114|0x0000000089000000, 0x0000000089100000, 0x0000000089100000|100%| E|CS|TAMS 0x0000000089000000, 0x0000000089000000| Complete 
| 115|0x0000000089100000, 0x0000000089200000, 0x0000000089200000|100%| E|CS|TAMS 0x0000000089100000, 0x0000000089100000| Complete 
| 116|0x0000000089200000, 0x0000000089300000, 0x0000000089300000|100%| E|CS|TAMS 0x0000000089200000, 0x0000000089200000| Complete 
| 117|0x0000000089300000, 0x0000000089400000, 0x0000000089400000|100%| E|CS|TAMS 0x0000000089300000, 0x0000000089300000| Complete 
| 118|0x0000000089400000, 0x0000000089500000, 0x0000000089500000|100%| E|CS|TAMS 0x0000000089400000, 0x0000000089400000| Complete 
| 119|0x0000000089500000, 0x0000000089600000, 0x0000000089600000|100%| E|CS|TAMS 0x0000000089500000, 0x0000000089500000| Complete 
| 120|0x0000000089600000, 0x0000000089700000, 0x0000000089700000|100%| E|CS|TAMS 0x0000000089600000, 0x0000000089600000| Complete 
| 121|0x0000000089700000, 0x0000000089800000, 0x0000000089800000|100%| E|CS|TAMS 0x0000000089700000, 0x0000000089700000| Complete 
| 122|0x0000000089800000, 0x0000000089900000, 0x0000000089900000|100%| E|CS|TAMS 0x0000000089800000, 0x0000000089800000| Complete 
| 123|0x0000000089900000, 0x0000000089a00000, 0x0000000089a00000|100%| E|CS|TAMS 0x0000000089900000, 0x0000000089900000| Complete 
| 124|0x0000000089a00000, 0x0000000089b00000, 0x0000000089b00000|100%| E|CS|TAMS 0x0000000089a00000, 0x0000000089a00000| Complete 
| 125|0x0000000089b00000, 0x0000000089c00000, 0x0000000089c00000|100%| E|CS|TAMS 0x0000000089b00000, 0x0000000089b00000| Complete 
| 126|0x0000000089c00000, 0x0000000089d00000, 0x0000000089d00000|100%| E|CS|TAMS 0x0000000089c00000, 0x0000000089c00000| Complete 
| 127|0x0000000089d00000, 0x0000000089e00000, 0x0000000089e00000|100%| E|CS|TAMS 0x0000000089d00000, 0x0000000089d00000| Complete 
| 128|0x0000000089e00000, 0x0000000089f00000, 0x0000000089f00000|100%| E|CS|TAMS 0x0000000089e00000, 0x0000000089e00000| Complete 
| 129|0x0000000089f00000, 0x000000008a000000, 0x000000008a000000|100%| E|CS|TAMS 0x0000000089f00000, 0x0000000089f00000| Complete 
| 130|0x000000008a000000, 0x000000008a100000, 0x000000008a100000|100%| E|CS|TAMS 0x000000008a000000, 0x000000008a000000| Complete 
| 131|0x000000008a100000, 0x000000008a200000, 0x000000008a200000|100%| E|CS|TAMS 0x000000008a100000, 0x000000008a100000| Complete 
| 132|0x000000008a200000, 0x000000008a300000, 0x000000008a300000|100%| E|CS|TAMS 0x000000008a200000, 0x000000008a200000| Complete 
| 133|0x000000008a300000, 0x000000008a400000, 0x000000008a400000|100%| E|CS|TAMS 0x000000008a300000, 0x000000008a300000| Complete 
| 134|0x000000008a400000, 0x000000008a500000, 0x000000008a500000|100%| E|CS|TAMS 0x000000008a400000, 0x000000008a400000| Complete 
| 135|0x000000008a500000, 0x000000008a600000, 0x000000008a600000|100%| E|CS|TAMS 0x000000008a500000, 0x000000008a500000| Complete 
| 136|0x000000008a600000, 0x000000008a700000, 0x000000008a700000|100%| E|CS|TAMS 0x000000008a600000, 0x000000008a600000| Complete 
| 137|0x000000008a700000, 0x000000008a800000, 0x000000008a800000|100%| E|CS|TAMS 0x000000008a700000, 0x000000008a700000| Complete 
| 138|0x000000008a800000, 0x000000008a900000, 0x000000008a900000|100%| E|CS|TAMS 0x000000008a800000, 0x000000008a800000| Complete 
| 139|0x000000008a900000, 0x000000008aa00000, 0x000000008aa00000|100%| E|CS|TAMS 0x000000008a900000, 0x000000008a900000| Complete 
| 140|0x000000008aa00000, 0x000000008ab00000, 0x000000008ab00000|100%| E|CS|TAMS 0x000000008aa00000, 0x000000008aa00000| Complete 
| 141|0x000000008ab00000, 0x000000008ac00000, 0x000000008ac00000|100%| E|CS|TAMS 0x000000008ab00000, 0x000000008ab00000| Complete 
| 142|0x000000008ac00000, 0x000000008ad00000, 0x000000008ad00000|100%| E|CS|TAMS 0x000000008ac00000, 0x000000008ac00000| Complete 
| 143|0x000000008ad00000, 0x000000008ae00000, 0x000000008ae00000|100%| E|CS|TAMS 0x000000008ad00000, 0x000000008ad00000| Complete 
| 144|0x000000008ae00000, 0x000000008af00000, 0x000000008af00000|100%| E|CS|TAMS 0x000000008ae00000, 0x000000008ae00000| Complete 
| 145|0x000000008af00000, 0x000000008b000000, 0x000000008b000000|100%| E|CS|TAMS 0x000000008af00000, 0x000000008af00000| Complete 
| 146|0x000000008b000000, 0x000000008b100000, 0x000000008b100000|100%| E|CS|TAMS 0x000000008b000000, 0x000000008b000000| Complete 
| 147|0x000000008b100000, 0x000000008b200000, 0x000000008b200000|100%| E|CS|TAMS 0x000000008b100000, 0x000000008b100000| Complete 
| 148|0x000000008b200000, 0x000000008b300000, 0x000000008b300000|100%| E|CS|TAMS 0x000000008b200000, 0x000000008b200000| Complete 
| 149|0x000000008b300000, 0x000000008b400000, 0x000000008b400000|100%| E|CS|TAMS 0x000000008b300000, 0x000000008b300000| Complete 
| 150|0x000000008b400000, 0x000000008b500000, 0x000000008b500000|100%| E|CS|TAMS 0x000000008b400000, 0x000000008b400000| Complete 
| 151|0x000000008b500000, 0x000000008b600000, 0x000000008b600000|100%| E|CS|TAMS 0x000000008b500000, 0x000000008b500000| Complete 
| 152|0x000000008b600000, 0x000000008b700000, 0x000000008b700000|100%| E|CS|TAMS 0x000000008b600000, 0x000000008b600000| Complete 
| 153|0x000000008b700000, 0x000000008b800000, 0x000000008b800000|100%| E|CS|TAMS 0x000000008b700000, 0x000000008b700000| Complete 
| 154|0x000000008b800000, 0x000000008b900000, 0x000000008b900000|100%| E|CS|TAMS 0x000000008b800000, 0x000000008b800000| Complete 
| 155|0x000000008b900000, 0x000000008ba00000, 0x000000008ba00000|100%| E|CS|TAMS 0x000000008b900000, 0x000000008b900000| Complete 
| 156|0x000000008ba00000, 0x000000008bb00000, 0x000000008bb00000|100%| E|CS|TAMS 0x000000008ba00000, 0x000000008ba00000| Complete 
| 157|0x000000008bb00000, 0x000000008bc00000, 0x000000008bc00000|100%| E|CS|TAMS 0x000000008bb00000, 0x000000008bb00000| Complete 
| 158|0x000000008bc00000, 0x000000008bd00000, 0x000000008bd00000|100%| E|CS|TAMS 0x000000008bc00000, 0x000000008bc00000| Complete 
| 159|0x000000008bd00000, 0x000000008be00000, 0x000000008be00000|100%| E|CS|TAMS 0x000000008bd00000, 0x000000008bd00000| Complete 
| 160|0x000000008be00000, 0x000000008bf00000, 0x000000008bf00000|100%| E|CS|TAMS 0x000000008be00000, 0x000000008be00000| Complete 
| 161|0x000000008bf00000, 0x000000008c000000, 0x000000008c000000|100%| E|CS|TAMS 0x000000008bf00000, 0x000000008bf00000| Complete 
| 162|0x000000008c000000, 0x000000008c100000, 0x000000008c100000|100%| E|CS|TAMS 0x000000008c000000, 0x000000008c000000| Complete 
| 163|0x000000008c100000, 0x000000008c200000, 0x000000008c200000|100%| E|CS|TAMS 0x000000008c100000, 0x000000008c100000| Complete 
| 164|0x000000008c200000, 0x000000008c300000, 0x000000008c300000|100%| E|CS|TAMS 0x000000008c200000, 0x000000008c200000| Complete 
| 165|0x000000008c300000, 0x000000008c400000, 0x000000008c400000|100%| E|CS|TAMS 0x000000008c300000, 0x000000008c300000| Complete 
| 166|0x000000008c400000, 0x000000008c500000, 0x000000008c500000|100%| E|CS|TAMS 0x000000008c400000, 0x000000008c400000| Complete 
| 167|0x000000008c500000, 0x000000008c600000, 0x000000008c600000|100%| E|CS|TAMS 0x000000008c500000, 0x000000008c500000| Complete 
| 168|0x000000008c600000, 0x000000008c700000, 0x000000008c700000|100%| E|CS|TAMS 0x000000008c600000, 0x000000008c600000| Complete 
| 169|0x000000008c700000, 0x000000008c800000, 0x000000008c800000|100%| E|CS|TAMS 0x000000008c700000, 0x000000008c700000| Complete 
| 170|0x000000008c800000, 0x000000008c900000, 0x000000008c900000|100%| E|CS|TAMS 0x000000008c800000, 0x000000008c800000| Complete 
| 171|0x000000008c900000, 0x000000008ca00000, 0x000000008ca00000|100%| E|CS|TAMS 0x000000008c900000, 0x000000008c900000| Complete 
| 172|0x000000008ca00000, 0x000000008cb00000, 0x000000008cb00000|100%| E|CS|TAMS 0x000000008ca00000, 0x000000008ca00000| Complete 
| 173|0x000000008cb00000, 0x000000008cc00000, 0x000000008cc00000|100%| E|CS|TAMS 0x000000008cb00000, 0x000000008cb00000| Complete 
| 174|0x000000008cc00000, 0x000000008cd00000, 0x000000008cd00000|100%| E|CS|TAMS 0x000000008cc00000, 0x000000008cc00000| Complete 
| 175|0x000000008cd00000, 0x000000008ce00000, 0x000000008ce00000|100%| E|CS|TAMS 0x000000008cd00000, 0x000000008cd00000| Complete 
| 176|0x000000008ce00000, 0x000000008cf00000, 0x000000008cf00000|100%| E|CS|TAMS 0x000000008ce00000, 0x000000008ce00000| Complete 
| 177|0x000000008cf00000, 0x000000008d000000, 0x000000008d000000|100%| E|CS|TAMS 0x000000008cf00000, 0x000000008cf00000| Complete 
| 178|0x000000008d000000, 0x000000008d100000, 0x000000008d100000|100%| E|CS|TAMS 0x000000008d000000, 0x000000008d000000| Complete 
| 179|0x000000008d100000, 0x000000008d200000, 0x000000008d200000|100%| E|CS|TAMS 0x000000008d100000, 0x000000008d100000| Complete 
| 180|0x000000008d200000, 0x000000008d300000, 0x000000008d300000|100%| E|CS|TAMS 0x000000008d200000, 0x000000008d200000| Complete 
| 181|0x000000008d300000, 0x000000008d400000, 0x000000008d400000|100%| E|CS|TAMS 0x000000008d300000, 0x000000008d300000| Complete 
| 182|0x000000008d400000, 0x000000008d500000, 0x000000008d500000|100%| E|CS|TAMS 0x000000008d400000, 0x000000008d400000| Complete 
| 183|0x000000008d500000, 0x000000008d600000, 0x000000008d600000|100%| E|CS|TAMS 0x000000008d500000, 0x000000008d500000| Complete 
| 184|0x000000008d600000, 0x000000008d700000, 0x000000008d700000|100%| E|CS|TAMS 0x000000008d600000, 0x000000008d600000| Complete 
| 185|0x000000008d700000, 0x000000008d800000, 0x000000008d800000|100%| E|CS|TAMS 0x000000008d700000, 0x000000008d700000| Complete 
| 186|0x000000008d800000, 0x000000008d900000, 0x000000008d900000|100%| E|CS|TAMS 0x000000008d800000, 0x000000008d800000| Complete 
| 187|0x000000008d900000, 0x000000008da00000, 0x000000008da00000|100%| E|CS|TAMS 0x000000008d900000, 0x000000008d900000| Complete 
| 188|0x000000008da00000, 0x000000008db00000, 0x000000008db00000|100%| E|CS|TAMS 0x000000008da00000, 0x000000008da00000| Complete 
| 189|0x000000008db00000, 0x000000008dc00000, 0x000000008dc00000|100%| E|CS|TAMS 0x000000008db00000, 0x000000008db00000| Complete 
| 190|0x000000008dc00000, 0x000000008dd00000, 0x000000008dd00000|100%| E|CS|TAMS 0x000000008dc00000, 0x000000008dc00000| Complete 
| 191|0x000000008dd00000, 0x000000008de00000, 0x000000008de00000|100%| E|CS|TAMS 0x000000008dd00000, 0x000000008dd00000| Complete 

Card table byte_map: [0x000001d451900000,0x000001d451d00000] _byte_map_base: 0x000001d4514f1000

Marking Bits (Prev, Next): (CMBitMap*) 0x000001d437ffb9f0, (CMBitMap*) 0x000001d437ffb9b8
 Prev Bits: [0x000001d454090000, 0x000001d456018000)
 Next Bits: [0x000001d452100000, 0x000001d454088000)

Polling page: 0x000001d438090000

Metaspace:

Usage:
  Non-class:     74.62 MB capacity,    73.26 MB ( 98%) used,     1.06 MB (  1%) free+waste,   310.31 KB ( <1%) overhead. 
      Class:     11.14 MB capacity,    10.19 MB ( 91%) used,   829.95 KB (  7%) free+waste,   141.75 KB (  1%) overhead. 
       Both:     85.76 MB capacity,    83.44 MB ( 97%) used,     1.87 MB (  2%) free+waste,   452.06 KB ( <1%) overhead. 

Virtual space:
  Non-class space:       76.00 MB reserved,      74.75 MB ( 98%) committed 
      Class space:        1.00 GB reserved,      11.25 MB (  1%) committed 
             Both:        1.07 GB reserved,      86.00 MB (  8%) committed 

Chunk freelists:
   Non-Class:  6.00 KB
       Class:  19.00 KB
        Both:  25.00 KB

MaxMetaspaceSize: 17179869184.00 GB
CompressedClassSpaceSize: 1.00 GB
Initial GC threshold: 20.80 MB
Current GC threshold: 98.11 MB
CDS: off

CodeHeap 'non-profiled nmethods': size=120064Kb used=15581Kb max_used=15581Kb free=104482Kb
 bounds [0x000001d449980000, 0x000001d44a8c0000, 0x000001d450ec0000]
CodeHeap 'profiled nmethods': size=120000Kb used=27956Kb max_used=30029Kb free=92043Kb
 bounds [0x000001d442450000, 0x000001d4441b0000, 0x000001d449980000]
CodeHeap 'non-nmethods': size=5696Kb used=1331Kb max_used=1420Kb free=4364Kb
 bounds [0x000001d441ec0000, 0x000001d442130000, 0x000001d442450000]
 total_blobs=14356 nmethods=13725 adapters=541
 compilation: enabled
              stopped_count=0, restarted_count=0
 full_count=0

Compilation events (20 events):
Event: 1494.862 Thread 0x000001d458699000 nmethod 14619 0x000001d44a8afb10 code [0x000001d44a8afcc0, 0x000001d44a8b0258]
Event: 1494.862 Thread 0x000001d458699000 14620       4       org.springframework.web.servlet.mvc.method.annotation.RequestMappingHandlerAdapter::getModelAndView (111 bytes)
Event: 1494.874 Thread 0x000001d458699000 nmethod 14620 0x000001d44a8b0690 code [0x000001d44a8b0860, 0x000001d44a8b0ca8]
Event: 1494.874 Thread 0x000001d458699000 14621       4       org.springframework.web.method.annotation.ModelFactory::updateModel (59 bytes)
Event: 1494.884 Thread 0x000001d458699000 nmethod 14621 0x000001d44a8b1090 code [0x000001d44a8b1260, 0x000001d44a8b1668]
Event: 1494.906 Thread 0x000001d458699000 14622       4       org.apache.catalina.connector.RequestFacade::getHeaderNames (53 bytes)
Event: 1494.929 Thread 0x000001d458699000 nmethod 14622 0x000001d44a8b1990 code [0x000001d44a8b1b80, 0x000001d44a8b23c8]
Event: 1494.929 Thread 0x000001d458699000 14623   !   4       jdk.internal.reflect.GeneratedConstructorAccessor43::newInstance (53 bytes)
Event: 1494.933 Thread 0x000001d458699000 nmethod 14623 0x000001d44a8b2990 code [0x000001d44a8b2b60, 0x000001d44a8b2d68]
Event: 1494.964 Thread 0x000001d458699000 14624   !   4       org.apache.tomcat.util.http.parser.MediaTypeCache::parse (71 bytes)
Event: 1494.985 Thread 0x000001d458699000 nmethod 14624 0x000001d44a8b2f90 code [0x000001d44a8b3160, 0x000001d44a8b39e8]
Event: 1495.012 Thread 0x000001d458699000 14625   !   4       jdk.internal.reflect.GeneratedConstructorAccessor57::newInstance (49 bytes)
Event: 1495.014 Thread 0x000001d458699000 nmethod 14625 0x000001d44a8b3f90 code [0x000001d44a8b4140, 0x000001d44a8b42a8]
Event: 1495.030 Thread 0x000001d458699000 14626   !   4       jdk.internal.reflect.GeneratedMethodAccessor118::invoke (61 bytes)
Event: 1495.031 Thread 0x000001d458699000 nmethod 14626 0x000001d44a8b4410 code [0x000001d44a8b45a0, 0x000001d44a8b4678]
Event: 1495.037 Thread 0x000001d458699000 14627       4       org.springframework.security.web.authentication.logout.LogoutFilter::doFilter (14 bytes)
Event: 1495.067 Thread 0x000001d458699000 nmethod 14627 0x000001d44a8b4790 code [0x000001d44a8b4a00, 0x000001d44a8b5300]
Event: 1495.068 Thread 0x000001d458699000 14630       4       org.springframework.security.web.authentication.logout.LogoutFilter::doFilter (83 bytes)
Event: 1495.094 Thread 0x000001d458699000 nmethod 14630 0x000001d44a8b6010 code [0x000001d44a8b6280, 0x000001d44a8b6ae0]
Event: 1495.094 Thread 0x000001d458699000 14628   !   4       jdk.internal.reflect.GeneratedMethodAccessor77::invoke (67 bytes)

GC Heap History (20 events):
Event: 1444.466 GC heap before
{Heap before GC invocations=36 (full 0):
 garbage-first heap   total 196608K, used 153109K [0x0000000081e00000, 0x0000000100000000)
  region size 1024K, 115 young (117760K), 1 survivors (1024K)
 Metaspace       used 85428K, capacity 87815K, committed 88064K, reserved 1126400K
  class space    used 10431K, capacity 11405K, committed 11520K, reserved 1048576K
}
Event: 1444.467 GC heap after
{Heap after GC invocations=37 (full 0):
 garbage-first heap   total 196608K, used 36382K [0x0000000081e00000, 0x0000000100000000)
  region size 1024K, 1 young (1024K), 1 survivors (1024K)
 Metaspace       used 85428K, capacity 87815K, committed 88064K, reserved 1126400K
  class space    used 10431K, capacity 11405K, committed 11520K, reserved 1048576K
}
Event: 1452.493 GC heap before
{Heap before GC invocations=37 (full 0):
 garbage-first heap   total 196608K, used 153118K [0x0000000081e00000, 0x0000000100000000)
  region size 1024K, 115 young (117760K), 1 survivors (1024K)
 Metaspace       used 85429K, capacity 87815K, committed 88064K, reserved 1126400K
  class space    used 10431K, capacity 11405K, committed 11520K, reserved 1048576K
}
Event: 1452.495 GC heap after
{Heap after GC invocations=38 (full 0):
 garbage-first heap   total 196608K, used 36418K [0x0000000081e00000, 0x0000000100000000)
  region size 1024K, 1 young (1024K), 1 survivors (1024K)
 Metaspace       used 85429K, capacity 87815K, committed 88064K, reserved 1126400K
  class space    used 10431K, capacity 11405K, committed 11520K, reserved 1048576K
}
Event: 1460.998 GC heap before
{Heap before GC invocations=38 (full 0):
 garbage-first heap   total 196608K, used 153154K [0x0000000081e00000, 0x0000000100000000)
  region size 1024K, 115 young (117760K), 1 survivors (1024K)
 Metaspace       used 85436K, capacity 87815K, committed 88064K, reserved 1126400K
  class space    used 10432K, capacity 11405K, committed 11520K, reserved 1048576K
}
Event: 1461.000 GC heap after
{Heap after GC invocations=39 (full 0):
 garbage-first heap   total 196608K, used 36431K [0x0000000081e00000, 0x0000000100000000)
  region size 1024K, 1 young (1024K), 1 survivors (1024K)
 Metaspace       used 85436K, capacity 87815K, committed 88064K, reserved 1126400K
  class space    used 10432K, capacity 11405K, committed 11520K, reserved 1048576K
}
Event: 1468.431 GC heap before
{Heap before GC invocations=39 (full 0):
 garbage-first heap   total 196608K, used 153167K [0x0000000081e00000, 0x0000000100000000)
  region size 1024K, 115 young (117760K), 1 survivors (1024K)
 Metaspace       used 85438K, capacity 87815K, committed 88064K, reserved 1126400K
  class space    used 10432K, capacity 11405K, committed 11520K, reserved 1048576K
}
Event: 1468.433 GC heap after
{Heap after GC invocations=40 (full 0):
 garbage-first heap   total 196608K, used 36434K [0x0000000081e00000, 0x0000000100000000)
  region size 1024K, 1 young (1024K), 1 survivors (1024K)
 Metaspace       used 85438K, capacity 87815K, committed 88064K, reserved 1126400K
  class space    used 10432K, capacity 11405K, committed 11520K, reserved 1048576K
}
Event: 1477.359 GC heap before
{Heap before GC invocations=40 (full 0):
 garbage-first heap   total 196608K, used 153170K [0x0000000081e00000, 0x0000000100000000)
  region size 1024K, 115 young (117760K), 1 survivors (1024K)
 Metaspace       used 85440K, capacity 87815K, committed 88064K, reserved 1126400K
  class space    used 10432K, capacity 11405K, committed 11520K, reserved 1048576K
}
Event: 1477.362 GC heap after
{Heap after GC invocations=41 (full 0):
 garbage-first heap   total 196608K, used 36433K [0x0000000081e00000, 0x0000000100000000)
  region size 1024K, 1 young (1024K), 1 survivors (1024K)
 Metaspace       used 85440K, capacity 87815K, committed 88064K, reserved 1126400K
  class space    used 10432K, capacity 11405K, committed 11520K, reserved 1048576K
}
Event: 1480.693 GC heap before
{Heap before GC invocations=41 (full 0):
 garbage-first heap   total 196608K, used 153169K [0x0000000081e00000, 0x0000000100000000)
  region size 1024K, 115 young (117760K), 1 survivors (1024K)
 Metaspace       used 85441K, capacity 87815K, committed 88064K, reserved 1126400K
  class space    used 10432K, capacity 11405K, committed 11520K, reserved 1048576K
}
Event: 1480.695 GC heap after
{Heap after GC invocations=42 (full 0):
 garbage-first heap   total 196608K, used 36443K [0x0000000081e00000, 0x0000000100000000)
  region size 1024K, 1 young (1024K), 1 survivors (1024K)
 Metaspace       used 85441K, capacity 87815K, committed 88064K, reserved 1126400K
  class space    used 10432K, capacity 11405K, committed 11520K, reserved 1048576K
}
Event: 1484.246 GC heap before
{Heap before GC invocations=42 (full 0):
 garbage-first heap   total 196608K, used 153179K [0x0000000081e00000, 0x0000000100000000)
  region size 1024K, 115 young (117760K), 1 survivors (1024K)
 Metaspace       used 85445K, capacity 87815K, committed 88064K, reserved 1126400K
  class space    used 10433K, capacity 11405K, committed 11520K, reserved 1048576K
}
Event: 1484.247 GC heap after
{Heap after GC invocations=43 (full 0):
 garbage-first heap   total 196608K, used 36460K [0x0000000081e00000, 0x0000000100000000)
  region size 1024K, 1 young (1024K), 1 survivors (1024K)
 Metaspace       used 85445K, capacity 87815K, committed 88064K, reserved 1126400K
  class space    used 10433K, capacity 11405K, committed 11520K, reserved 1048576K
}
Event: 1488.110 GC heap before
{Heap before GC invocations=43 (full 0):
 garbage-first heap   total 196608K, used 153196K [0x0000000081e00000, 0x0000000100000000)
  region size 1024K, 115 young (117760K), 1 survivors (1024K)
 Metaspace       used 85446K, capacity 87815K, committed 88064K, reserved 1126400K
  class space    used 10433K, capacity 11405K, committed 11520K, reserved 1048576K
}
Event: 1488.112 GC heap after
{Heap after GC invocations=44 (full 0):
 garbage-first heap   total 196608K, used 36457K [0x0000000081e00000, 0x0000000100000000)
  region size 1024K, 1 young (1024K), 1 survivors (1024K)
 Metaspace       used 85446K, capacity 87815K, committed 88064K, reserved 1126400K
  class space    used 10433K, capacity 11405K, committed 11520K, reserved 1048576K
}
Event: 1492.061 GC heap before
{Heap before GC invocations=44 (full 0):
 garbage-first heap   total 196608K, used 153193K [0x0000000081e00000, 0x0000000100000000)
  region size 1024K, 115 young (117760K), 1 survivors (1024K)
 Metaspace       used 85446K, capacity 87815K, committed 88064K, reserved 1126400K
  class space    used 10433K, capacity 11405K, committed 11520K, reserved 1048576K
}
Event: 1492.062 GC heap after
{Heap after GC invocations=45 (full 0):
 garbage-first heap   total 196608K, used 36434K [0x0000000081e00000, 0x0000000100000000)
  region size 1024K, 1 young (1024K), 1 survivors (1024K)
 Metaspace       used 85446K, capacity 87815K, committed 88064K, reserved 1126400K
  class space    used 10433K, capacity 11405K, committed 11520K, reserved 1048576K
}
Event: 1494.277 GC heap before
{Heap before GC invocations=45 (full 0):
 garbage-first heap   total 196608K, used 153170K [0x0000000081e00000, 0x0000000100000000)
  region size 1024K, 115 young (117760K), 1 survivors (1024K)
 Metaspace       used 85446K, capacity 87815K, committed 88064K, reserved 1126400K
  class space    used 10433K, capacity 11405K, committed 11520K, reserved 1048576K
}
Event: 1494.279 GC heap after
{Heap after GC invocations=46 (full 0):
 garbage-first heap   total 196608K, used 36457K [0x0000000081e00000, 0x0000000100000000)
  region size 1024K, 1 young (1024K), 1 survivors (1024K)
 Metaspace       used 85446K, capacity 87815K, committed 88064K, reserved 1126400K
  class space    used 10433K, capacity 11405K, committed 11520K, reserved 1048576K
}

Deoptimization events (20 events):
Event: 1399.540 Thread 0x000001d45d282000 Uncommon trap: trap_request=0xffffffbe fr.pc=0x000001d44a68a9ac relative=0x00000000000016cc
Event: 1399.540 Thread 0x000001d45d282000 Uncommon trap: reason=profile_predicate action=maybe_recompile pc=0x000001d44a68a9ac method=org.springframework.web.servlet.mvc.method.annotation.AbstractMessageConverterMethodProcessor.getProducibleMediaTypes(Ljavax/servlet/http/HttpServletRequest;Ljava/
Event: 1399.540 Thread 0x000001d45d282000 DEOPT PACKING pc=0x000001d44a68a9ac sp=0x0000004b5a6faf50
Event: 1399.540 Thread 0x000001d45d282000 DEOPT UNPACKING pc=0x000001d441f0a1af sp=0x0000004b5a6faf60 mode 2
Event: 1399.558 Thread 0x000001d45c9b6800 Uncommon trap: trap_request=0xffffffbe fr.pc=0x000001d44a68a9ac relative=0x00000000000016cc
Event: 1399.558 Thread 0x000001d45c9b6800 Uncommon trap: reason=profile_predicate action=maybe_recompile pc=0x000001d44a68a9ac method=org.springframework.web.servlet.mvc.method.annotation.AbstractMessageConverterMethodProcessor.getProducibleMediaTypes(Ljavax/servlet/http/HttpServletRequest;Ljava/
Event: 1399.558 Thread 0x000001d45c9b6800 DEOPT PACKING pc=0x000001d44a68a9ac sp=0x0000004b5a0fab70
Event: 1399.558 Thread 0x000001d45c9b6800 DEOPT UNPACKING pc=0x000001d441f0a1af sp=0x0000004b5a0fab80 mode 2
Event: 1399.573 Thread 0x000001d45c81c800 Uncommon trap: trap_request=0xffffffbe fr.pc=0x000001d44a68a9ac relative=0x00000000000016cc
Event: 1399.573 Thread 0x000001d45c81c800 Uncommon trap: reason=profile_predicate action=maybe_recompile pc=0x000001d44a68a9ac method=org.springframework.web.servlet.mvc.method.annotation.AbstractMessageConverterMethodProcessor.getProducibleMediaTypes(Ljavax/servlet/http/HttpServletRequest;Ljava/
Event: 1399.573 Thread 0x000001d45c81c800 DEOPT PACKING pc=0x000001d44a68a9ac sp=0x0000004b5a3fa9e0
Event: 1399.573 Thread 0x000001d45c81c800 DEOPT UNPACKING pc=0x000001d441f0a1af sp=0x0000004b5a3fa9f0 mode 2
Event: 1399.590 Thread 0x000001d45d27f800 Uncommon trap: trap_request=0xffffffbe fr.pc=0x000001d44a68a9ac relative=0x00000000000016cc
Event: 1399.590 Thread 0x000001d45d27f800 Uncommon trap: reason=profile_predicate action=maybe_recompile pc=0x000001d44a68a9ac method=org.springframework.web.servlet.mvc.method.annotation.AbstractMessageConverterMethodProcessor.getProducibleMediaTypes(Ljavax/servlet/http/HttpServletRequest;Ljava/
Event: 1399.590 Thread 0x000001d45d27f800 DEOPT PACKING pc=0x000001d44a68a9ac sp=0x0000004b5a9fae40
Event: 1399.590 Thread 0x000001d45d27f800 DEOPT UNPACKING pc=0x000001d441f0a1af sp=0x0000004b5a9fae50 mode 2
Event: 1406.166 Thread 0x000001d45d27e000 Uncommon trap: trap_request=0xffffff4d fr.pc=0x000001d44a5fb320 relative=0x0000000000000280
Event: 1406.166 Thread 0x000001d45d27e000 Uncommon trap: reason=unstable_if action=reinterpret pc=0x000001d44a5fb320 method=org.apache.tomcat.util.collections.SynchronizedStack.pop()Ljava/lang/Object; @ 5 c2
Event: 1406.166 Thread 0x000001d45d27e000 DEOPT PACKING pc=0x000001d44a5fb320 sp=0x0000004b5a4febd0
Event: 1406.166 Thread 0x000001d45d27e000 DEOPT UNPACKING pc=0x000001d441f0a1af sp=0x0000004b5a4feb78 mode 2

Classes redefined (0 events):
No events

Internal exceptions (20 events):
Event: 156.221 Thread 0x000001d45d27d000 Exception <a 'java/lang/reflect/InvocationTargetException'{0x00000000889ebf90}> (0x00000000889ebf90) thrown at [./src/hotspot/share/runtime/reflection.cpp, line 1247]
Event: 160.232 Thread 0x000001d45d280800 Exception <a 'java/lang/reflect/InvocationTargetException'{0x00000000868eec00}> (0x00000000868eec00) thrown at [./src/hotspot/share/runtime/reflection.cpp, line 1247]
Event: 164.183 Thread 0x000001d45d27f800 Exception <a 'java/lang/reflect/InvocationTargetException'{0x000000008880dff0}> (0x000000008880dff0) thrown at [./src/hotspot/share/runtime/reflection.cpp, line 1247]
Event: 172.012 Thread 0x000001d461098800 Exception <a 'java/lang/reflect/InvocationTargetException'{0x000000008dcd94b0}> (0x000000008dcd94b0) thrown at [./src/hotspot/share/runtime/reflection.cpp, line 1247]
Event: 175.660 Thread 0x000001d45a375800 Exception <a 'java/lang/reflect/InvocationTargetException'{0x000000008db09380}> (0x000000008db09380) thrown at [./src/hotspot/share/runtime/reflection.cpp, line 1247]
Event: 446.742 Thread 0x000001d45c9b6800 Exception <a 'java/lang/reflect/InvocationTargetException'{0x000000008ddda810}> (0x000000008ddda810) thrown at [./src/hotspot/share/runtime/reflection.cpp, line 1247]
Event: 511.976 Thread 0x000001d45a375800 Exception <a 'java/lang/reflect/InvocationTargetException'{0x000000008db2a288}> (0x000000008db2a288) thrown at [./src/hotspot/share/runtime/reflection.cpp, line 1247]
Event: 560.528 Thread 0x000001d45d27e800 Exception <a 'java/lang/ClassNotFoundException'{0x000000008d198f70}: java/lang/ObjectCustomizer> (0x000000008d198f70) thrown at [./src/hotspot/share/classfile/systemDictionary.cpp, line 230]
Event: 560.531 Thread 0x000001d45d27e800 Exception <a 'java/lang/ClassNotFoundException'{0x000000008d1ad728}: br/com/ifter/controller/request/IncluirPostRequestCustomizer> (0x000000008d1ad728) thrown at [./src/hotspot/share/classfile/systemDictionary.cpp, line 230]
Event: 575.672 Thread 0x000001d45d282000 Exception <a 'java/lang/ClassNotFoundException'{0x000000008cb609e8}: java/lang/ObjectCustomizer> (0x000000008cb609e8) thrown at [./src/hotspot/share/classfile/systemDictionary.cpp, line 230]
Event: 575.674 Thread 0x000001d45d282000 Exception <a 'java/lang/ClassNotFoundException'{0x000000008cb73178}: br/com/ifter/model/PostCustomizer> (0x000000008cb73178) thrown at [./src/hotspot/share/classfile/systemDictionary.cpp, line 230]
Event: 706.300 Thread 0x000001d45d27f800 Exception <a 'java/lang/NoSuchMethodError'{0x000000008c856de8}: 'java.lang.Object java.lang.invoke.DirectMethodHandle$Holder.invokeSpecial(java.lang.Object, java.lang.Object, int, java.lang.Object, java.lang.Object)'> (0x000000008c856de8) thrown at [./src/hotspot/share/interpreter/linkResolver.cpp, line 773]
Event: 1329.744 Thread 0x000001d45d27c800 Implicit null exception at 0x000001d449ecfcb9 to 0x000001d449ed09e8
Event: 1349.397 Thread 0x000001d45d27d000 Implicit null exception at 0x000001d44a1da438 to 0x000001d44a1ea1dc
Event: 1370.480 Thread 0x000001d45d27d000 Implicit null exception at 0x000001d44a4249c1 to 0x000001d44a424e7c
Event: 1370.480 Thread 0x000001d45d27d000 Implicit null exception at 0x000001d44a4249c1 to 0x000001d44a424e7c
Event: 1370.481 Thread 0x000001d45d27d000 Implicit null exception at 0x000001d44a4249c1 to 0x000001d44a424e7c
Event: 1370.481 Thread 0x000001d45d27d000 Implicit null exception at 0x000001d44a4249c1 to 0x000001d44a424e7c
Event: 1371.256 Thread 0x000001d45a375800 Implicit null exception at 0x000001d44a42656e to 0x000001d44a427f80
Event: 1371.621 Thread 0x000001d45d27d000 Implicit null exception at 0x000001d44a43a7cd to 0x000001d44a43c27c

Events (20 events):
Event: 1460.998 Executing VM operation: G1CollectForAllocation
Event: 1461.000 Executing VM operation: G1CollectForAllocation done
Event: 1462.755 loading class org/springframework/security/web/FilterChainProxy$1
Event: 1462.755 loading class org/springframework/security/web/FilterChainProxy$1 done
Event: 1468.431 Executing VM operation: G1CollectForAllocation
Event: 1468.433 Executing VM operation: G1CollectForAllocation done
Event: 1477.359 Executing VM operation: G1CollectForAllocation
Event: 1477.362 Executing VM operation: G1CollectForAllocation done
Event: 1480.693 Executing VM operation: G1CollectForAllocation
Event: 1480.695 Executing VM operation: G1CollectForAllocation done
Event: 1482.043 loading class org/springframework/session/web/http/SessionRepositoryFilter$1
Event: 1482.043 loading class org/springframework/session/web/http/SessionRepositoryFilter$1 done
Event: 1484.246 Executing VM operation: G1CollectForAllocation
Event: 1484.247 Executing VM operation: G1CollectForAllocation done
Event: 1488.110 Executing VM operation: G1CollectForAllocation
Event: 1488.112 Executing VM operation: G1CollectForAllocation done
Event: 1492.060 Executing VM operation: G1CollectForAllocation
Event: 1492.062 Executing VM operation: G1CollectForAllocation done
Event: 1494.277 Executing VM operation: G1CollectForAllocation
Event: 1494.279 Executing VM operation: G1CollectForAllocation done


Dynamic libraries:
0x00007ff604260000 - 0x00007ff60426d000 	C:\Users\Gabriel\.jdks\corretto-11.0.14.1\bin\java.exe
0x00007ffe069f0000 - 0x00007ffe06be5000 	C:\Windows\SYSTEM32\ntdll.dll
0x00007ffe03cb0000 - 0x00007ffe03cc6000 	C:\Program Files\Avast Software\Avast\aswhook.dll
0x00007ffe050c0000 - 0x00007ffe0517e000 	C:\Windows\System32\KERNEL32.DLL
0x00007ffe04530000 - 0x00007ffe047f8000 	C:\Windows\System32\KERNELBASE.dll
0x00007ffe04110000 - 0x00007ffe04210000 	C:\Windows\System32\ucrtbase.dll
0x00007ffdfe7d0000 - 0x00007ffdfe7e7000 	C:\Users\Gabriel\.jdks\corretto-11.0.14.1\bin\jli.dll
0x00007ffdfe1d0000 - 0x00007ffdfe1e9000 	C:\Users\Gabriel\.jdks\corretto-11.0.14.1\bin\VCRUNTIME140.dll
0x00007ffe057a0000 - 0x00007ffe05940000 	C:\Windows\System32\USER32.dll
0x00007ffe04920000 - 0x00007ffe04942000 	C:\Windows\System32\win32u.dll
0x00007ffe04a60000 - 0x00007ffe04a8a000 	C:\Windows\System32\GDI32.dll
0x00007ffe04210000 - 0x00007ffe0431b000 	C:\Windows\System32\gdi32full.dll
0x00007ffe04800000 - 0x00007ffe0489d000 	C:\Windows\System32\msvcp_win.dll
0x00007ffe037d0000 - 0x00007ffe03a6a000 	C:\Windows\WinSxS\amd64_microsoft.windows.common-controls_6595b64144ccf1df_6.0.19041.1110_none_60b5254171f9507e\COMCTL32.dll
0x00007ffe04c10000 - 0x00007ffe04cae000 	C:\Windows\System32\msvcrt.dll
0x00007ffe06980000 - 0x00007ffe069b0000 	C:\Windows\System32\IMM32.DLL
0x00007ffdd8c20000 - 0x00007ffdd8cbb000 	C:\Users\Gabriel\.jdks\corretto-11.0.14.1\bin\msvcp140.dll
0x00007ffd775e0000 - 0x00007ffd78163000 	C:\Users\Gabriel\.jdks\corretto-11.0.14.1\bin\server\jvm.dll
0x00007ffe04f90000 - 0x00007ffe0503e000 	C:\Windows\System32\ADVAPI32.dll
0x00007ffe04e90000 - 0x00007ffe04f2c000 	C:\Windows\System32\sechost.dll
0x00007ffe05310000 - 0x00007ffe05435000 	C:\Windows\System32\RPCRT4.dll
0x00007ffe05f10000 - 0x00007ffe05f18000 	C:\Windows\System32\PSAPI.DLL
0x00007ffdf1360000 - 0x00007ffdf1369000 	C:\Windows\SYSTEM32\WSOCK32.dll
0x00007ffe06690000 - 0x00007ffe066fb000 	C:\Windows\System32\WS2_32.dll
0x00007ffddf080000 - 0x00007ffddf0a7000 	C:\Windows\SYSTEM32\WINMM.dll
0x00007ffdfc700000 - 0x00007ffdfc70a000 	C:\Windows\SYSTEM32\VERSION.dll
0x00007ffe01210000 - 0x00007ffe01222000 	C:\Windows\SYSTEM32\kernel.appcore.dll
0x00007ffdfe2d0000 - 0x00007ffdfe2e0000 	C:\Users\Gabriel\.jdks\corretto-11.0.14.1\bin\verify.dll
0x00007ffe03aa0000 - 0x00007ffe03c84000 	C:\Windows\SYSTEM32\DBGHELP.DLL
0x00007ffe03a70000 - 0x00007ffe03a9c000 	C:\Windows\SYSTEM32\dbgcore.DLL
0x00007ffe04950000 - 0x00007ffe049d2000 	C:\Windows\System32\bcryptPrimitives.dll
0x00007ffdeb1f0000 - 0x00007ffdeb218000 	C:\Users\Gabriel\.jdks\corretto-11.0.14.1\bin\java.dll
0x00007ffdf9ee0000 - 0x00007ffdf9eea000 	C:\Users\Gabriel\.jdks\corretto-11.0.14.1\bin\jimage.dll
0x00007ffdeb250000 - 0x00007ffdeb25e000 	C:\Users\Gabriel\.jdks\corretto-11.0.14.1\bin\instrument.dll
0x00007ffdf9370000 - 0x00007ffdf9388000 	C:\Users\Gabriel\.jdks\corretto-11.0.14.1\bin\zip.dll
0x00007ffe05f20000 - 0x00007ffe06664000 	C:\Windows\System32\SHELL32.dll
0x00007ffe01510000 - 0x00007ffe01ca4000 	C:\Windows\SYSTEM32\windows.storage.dll
0x00007ffe05440000 - 0x00007ffe05794000 	C:\Windows\System32\combase.dll
0x00007ffe03550000 - 0x00007ffe0357c000 	C:\Windows\SYSTEM32\Wldp.dll
0x00007ffe05940000 - 0x00007ffe059ed000 	C:\Windows\System32\SHCORE.dll
0x00007ffe04f30000 - 0x00007ffe04f85000 	C:\Windows\System32\shlwapi.dll
0x00007ffe04050000 - 0x00007ffe0406f000 	C:\Windows\SYSTEM32\profapi.dll
0x00007ffdec890000 - 0x00007ffdec8a9000 	C:\Users\Gabriel\.jdks\corretto-11.0.14.1\bin\net.dll
0x00007ffdf6d70000 - 0x00007ffdf6e7a000 	C:\Windows\SYSTEM32\WINHTTP.dll
0x00007ffe03130000 - 0x00007ffe0319a000 	C:\Windows\system32\mswsock.dll
0x00007ffdec180000 - 0x00007ffdec193000 	C:\Users\Gabriel\.jdks\corretto-11.0.14.1\bin\nio.dll
0x00007ffdeb230000 - 0x00007ffdeb24a000 	C:\Program Files\IntelliJ IDEA Community Edition 2021.3.3\bin\breakgen64.dll
0x00007ffdeb1e0000 - 0x00007ffdeb1e9000 	C:\Users\Gabriel\.jdks\corretto-11.0.14.1\bin\management.dll
0x00007ffdeb1d0000 - 0x00007ffdeb1db000 	C:\Users\Gabriel\.jdks\corretto-11.0.14.1\bin\management_ext.dll
0x00007ffde9ca0000 - 0x00007ffde9cb7000 	C:\Windows\system32\napinsp.dll
0x00007ffde9c80000 - 0x00007ffde9c9b000 	C:\Windows\system32\pnrpnsp.dll
0x00007ffdfd770000 - 0x00007ffdfd785000 	C:\Windows\system32\wshbth.dll
0x00007ffdfeda0000 - 0x00007ffdfedbd000 	C:\Windows\system32\NLAapi.dll
0x00007ffe02e40000 - 0x00007ffe02e7b000 	C:\Windows\SYSTEM32\IPHLPAPI.DLL
0x00007ffe02e80000 - 0x00007ffe02f4b000 	C:\Windows\SYSTEM32\DNSAPI.dll
0x00007ffe04a50000 - 0x00007ffe04a58000 	C:\Windows\System32\NSI.dll
0x00007ffde9c60000 - 0x00007ffde9c72000 	C:\Windows\System32\winrnr.dll
0x00007ffdf2150000 - 0x00007ffdf215a000 	C:\Windows\System32\rasadhlp.dll
0x00007ffdf2420000 - 0x00007ffdf249f000 	C:\Windows\System32\fwpuclnt.dll
0x00007ffe048a0000 - 0x00007ffe048c7000 	C:\Windows\System32\bcrypt.dll
0x00007ffe03e30000 - 0x00007ffe03e48000 	C:\Windows\SYSTEM32\CRYPTSP.dll
0x00007ffe02af0000 - 0x00007ffe02b24000 	C:\Windows\system32\rsaenh.dll
0x00007ffe04010000 - 0x00007ffe0403e000 	C:\Windows\SYSTEM32\USERENV.dll
0x00007ffe032f0000 - 0x00007ffe032fc000 	C:\Windows\SYSTEM32\CRYPTBASE.dll
0x00007ffdfa000000 - 0x00007ffdfa017000 	C:\Windows\SYSTEM32\dhcpcsvc6.DLL
0x00007ffdf9f50000 - 0x00007ffdf9f6d000 	C:\Windows\SYSTEM32\dhcpcsvc.DLL
0x00007ffdeb1c0000 - 0x00007ffdeb1ce000 	C:\Users\Gabriel\.jdks\corretto-11.0.14.1\bin\sunmscapi.dll
0x00007ffe04320000 - 0x00007ffe04476000 	C:\Windows\System32\CRYPT32.dll
0x00007ffe035e0000 - 0x00007ffe03607000 	C:\Windows\SYSTEM32\ncrypt.dll
0x00007ffe035a0000 - 0x00007ffe035db000 	C:\Windows\SYSTEM32\NTASN1.dll
0x00007ffde9660000 - 0x00007ffde9685000 	C:\Users\Gabriel\.jdks\corretto-11.0.14.1\bin\sunec.dll

dbghelp: loaded successfully - version: 4.0.5 - missing functions: none
symbol engine: initialized successfully - sym options: 0x614 - pdb path: .;C:\Users\Gabriel\.jdks\corretto-11.0.14.1\bin;C:\Windows\SYSTEM32;C:\Program Files\Avast Software\Avast;C:\Windows\WinSxS\amd64_microsoft.windows.common-controls_6595b64144ccf1df_6.0.19041.1110_none_60b5254171f9507e;C:\Users\Gabriel\.jdks\corretto-11.0.14.1\bin\server;C:\Program Files\IntelliJ IDEA Community Edition 2021.3.3\bin

VM Arguments:
jvm_args: -javaagent:C:\Program Files\IntelliJ IDEA Community Edition 2021.3.3\lib\idea_rt.jar=56658:C:\Program Files\IntelliJ IDEA Community Edition 2021.3.3\bin -Dfile.encoding=UTF-8 
java_command: br.com.ifter.IfterApplication
java_class_path (initial): C:\Users\Gabriel\Documents\hiroku\tcc\api\target\classes;C:\Users\Gabriel\.m2\repository\org\springframework\boot\spring-boot-starter-actuator\2.5.12\spring-boot-starter-actuator-2.5.12.jar;C:\Users\Gabriel\.m2\repository\org\springframework\boot\spring-boot-starter\2.5.12\spring-boot-starter-2.5.12.jar;C:\Users\Gabriel\.m2\repository\org\springframework\boot\spring-boot\2.5.12\spring-boot-2.5.12.jar;C:\Users\Gabriel\.m2\repository\org\springframework\boot\spring-boot-autoconfigure\2.5.12\spring-boot-autoconfigure-2.5.12.jar;C:\Users\Gabriel\.m2\repository\org\springframework\boot\spring-boot-starter-logging\2.5.12\spring-boot-starter-logging-2.5.12.jar;C:\Users\Gabriel\.m2\repository\ch\qos\logback\logback-classic\1.2.11\logback-classic-1.2.11.jar;C:\Users\Gabriel\.m2\repository\ch\qos\logback\logback-core\1.2.11\logback-core-1.2.11.jar;C:\Users\Gabriel\.m2\repository\org\apache\logging\log4j\log4j-to-slf4j\2.17.2\log4j-to-slf4j-2.17.2.jar;C:\Users\Gabriel\.m2\repository\org\apache\logging\log4j\log4j-api\2.17.2\log4j-api-2.17.2.jar;C:\Users\Gabriel\.m2\repository\org\slf4j\jul-to-slf4j\1.7.36\jul-to-slf4j-1.7.36.jar;C:\Users\Gabriel\.m2\repository\jakarta\annotation\jakarta.annotation-api\1.3.5\jakarta.annotation-api-1.3.5.jar;C:\Users\Gabriel\.m2\repository\org\yaml\snakeyaml\1.28\snakeyaml-1.28.jar;C:\Users\Gabriel\.m2\repository\org\springframework\boot\spring-boot-actuator-autoconfigure\2.5.12\spring-boot-actuator-autoconfigure-2.5.12.jar;C:\Users\Gabriel\.m2\repository\org\springframework\boot\spring-boot-actuator\2.5.12\spring-boot-actuator-2.5.12.jar;C:\Users\Gabriel\.m2\repository\com\fasterxml\jackson\core\jackson-databind\2.12.6.1\jackson-databind-2.12.6.1.jar;C:\Users\Gabriel\.m2\repository\com\fasterxml\jackson\core\jackson-annotations\2.12.6\jackson-annotations-2.12.6.jar;C:\Users\Gabriel\.m2\repository\com\fasterxml\jackson\core\jackson-core\2.12.6\jackson-core-2.12.6.jar;C:\Users\Gabriel\.m2\repository\com\fasterxml\jack
Launcher Type: SUN_STANDARD

[Global flags]
     intx CICompilerCount                          = 3                                         {product} {ergonomic}
     uint ConcGCThreads                            = 1                                         {product} {ergonomic}
     uint G1ConcRefinementThreads                  = 4                                         {product} {ergonomic}
   size_t G1HeapRegionSize                         = 1048576                                   {product} {ergonomic}
    uintx GCDrainStackTargetSize                   = 64                                        {product} {ergonomic}
   size_t InitialHeapSize                          = 134217728                                 {product} {ergonomic}
   size_t MarkStackSize                            = 4194304                                   {product} {ergonomic}
   size_t MaxHeapSize                              = 2116026368                                {product} {ergonomic}
   size_t MaxNewSize                               = 1268776960                                {product} {ergonomic}
   size_t MinHeapDeltaBytes                        = 1048576                                   {product} {ergonomic}
    uintx NonNMethodCodeHeapSize                   = 5830732                                {pd product} {ergonomic}
    uintx NonProfiledCodeHeapSize                  = 122913754                              {pd product} {ergonomic}
    uintx ProfiledCodeHeapSize                     = 122913754                              {pd product} {ergonomic}
    uintx ReservedCodeCacheSize                    = 251658240                              {pd product} {ergonomic}
     bool SegmentedCodeCache                       = true                                      {product} {ergonomic}
     bool UseCompressedClassPointers               = true                                 {lp64_product} {ergonomic}
     bool UseCompressedOops                        = true                                 {lp64_product} {ergonomic}
     bool UseG1GC                                  = true                                      {product} {ergonomic}
     bool UseLargePagesIndividualAllocation        = false                                  {pd product} {ergonomic}

Logging:
Log output configuration:
 #0: stdout all=warning uptime,level,tags
 #1: stderr all=off uptime,level,tags

Environment Variables:
PATH=C:\Program Files (x86)\NVIDIA Corporation\PhysX\Common;C:\Program Files (x86)\Common Files\Oracle\Java\javapath;C:\Windows\system32;C:\Windows;C:\Windows\System32\Wbem;C:\Windows\System32\WindowsPowerShell\v1.0\;C:\Windows\System32\OpenSSH\;C:\Program Files\Git\cmd;C:\Program Files\nodejs\;C:\Program Files\MySQL\MySQL Shell 8.0\bin\;C:\Users\Gabriel\AppData\Local\Microsoft\WindowsApps;;C:\Program Files\JetBrains\IntelliJ IDEA Community Edition 2021.2.2\bin;;C:\Users\Gabriel\AppData\Local\Programs\Microsoft VS Code\bin;C:\Users\Gabriel\AppData\Roaming\npm;C:\Program Files\heroku\bin
USERNAME=Gabriel
OS=Windows_NT
PROCESSOR_IDENTIFIER=Intel64 Family 6 Model 142 Stepping 9, GenuineIntel



---------------  S Y S T E M  ---------------

OS: Windows 10 , 64 bit Build 19041 (10.0.19041.1645)
OS uptime: 4 days 9:16 hours
Hyper-V role detected

CPU:total 4 (initial active 4) (2 cores per cpu, 2 threads per core) family 6 model 142 stepping 9 microcode 0xb4, cmov, cx8, fxsr, mmx, sse, sse2, sse3, ssse3, sse4.1, sse4.2, popcnt, avx, avx2, aes, clmul, erms, 3dnowpref, lzcnt, ht, tsc, tscinvbit, bmi1, bmi2, adx, fma

Memory: 4k page, system-wide physical 8067M (773M free)
TotalPageFile size 20989M (AvailPageFile size 3M)
current process WorkingSet (physical memory assigned to process): 339M, peak: 348M
current process commit charge ("private bytes"): 473M, peak: 479M

vm_info: OpenJDK 64-Bit Server VM (11.0.14.1+10-LTS) for windows-amd64 JRE (11.0.14.1+10-LTS), built on Feb  8 2022 00:13:20 by "Administrator" with unknown MS VC++:1916

END.
